2022-02-11 20:42:44,355 INFO o.a.j.u.JMeterUtils: Setting Locale to en_EN
2022-02-11 20:42:44,373 INFO o.a.j.JMeter: Loading user properties from: user.properties
2022-02-11 20:42:44,374 INFO o.a.j.JMeter: Loading system properties from: system.properties
2022-02-11 20:42:44,387 INFO o.a.j.JMeter: Copyright (c) 1998-2021 The Apache Software Foundation
2022-02-11 20:42:44,387 INFO o.a.j.JMeter: Version 5.4.3
2022-02-11 20:42:44,388 INFO o.a.j.JMeter: java.version=1.8.0_321
2022-02-11 20:42:44,388 INFO o.a.j.JMeter: java.vm.name=Java HotSpot(TM) 64-Bit Server VM
2022-02-11 20:42:44,388 INFO o.a.j.JMeter: os.name=Windows 10
2022-02-11 20:42:44,388 INFO o.a.j.JMeter: os.arch=amd64
2022-02-11 20:42:44,388 INFO o.a.j.JMeter: os.version=10.0
2022-02-11 20:42:44,388 INFO o.a.j.JMeter: file.encoding=Cp1252
2022-02-11 20:42:44,388 INFO o.a.j.JMeter: java.awt.headless=null
2022-02-11 20:42:44,388 INFO o.a.j.JMeter: Max memory     =1073741824
2022-02-11 20:42:44,388 INFO o.a.j.JMeter: Available Processors =4
2022-02-11 20:42:44,394 INFO o.a.j.JMeter: Default Locale=English (EN)
2022-02-11 20:42:44,395 INFO o.a.j.JMeter: JMeter  Locale=English (EN)
2022-02-11 20:42:44,395 INFO o.a.j.JMeter: JMeterHome=C:\Users\Josias\OneDrive\Documentos\JMeter\apache-jmeter-5.4.3
2022-02-11 20:42:44,395 INFO o.a.j.JMeter: user.dir  =C:\Users\Josias\OneDrive\Documentos\JMeter\apache-jmeter-5.4.3\bin
2022-02-11 20:42:44,396 INFO o.a.j.JMeter: PWD       =C:\Users\Josias\OneDrive\Documentos\JMeter\apache-jmeter-5.4.3\bin
2022-02-11 20:42:44,397 INFO o.a.j.JMeter: IP: 172.24.112.1 Name: DESKTOP-TJSLQF4 FullName: DESKTOP-TJSLQF4.mshome.net
2022-02-11 20:42:44,498 INFO o.a.j.JMeter: Setting LAF to: com.github.weisj.darklaf.DarkLaf:com.github.weisj.darklaf.theme.IntelliJTheme
2022-02-11 20:42:44,837 INFO o.a.j.JMeter: Loaded icon properties from org/apache/jmeter/images/icon.properties
2022-02-11 20:43:04,911 INFO o.a.j.s.FileServer: Default base='C:\Users\Josias\OneDrive\Documentos\JMeter\apache-jmeter-5.4.3\bin'
2022-02-11 20:43:04,914 INFO o.a.j.g.a.Load: Loading file: C:\Users\Josias\OneDrive\Documentos\JMeter\FirstCase.jmx
2022-02-11 20:43:04,915 INFO o.a.j.s.FileServer: Set new base='C:\Users\Josias\OneDrive\Documentos\JMeter'
2022-02-11 20:43:05,050 INFO o.a.j.s.SaveService: Testplan (JMX) version: 2.2. Testlog (JTL) version: 2.2
2022-02-11 20:43:05,074 INFO o.a.j.s.SaveService: Using SaveService properties file encoding UTF-8
2022-02-11 20:43:05,076 INFO o.a.j.s.SaveService: Using SaveService properties version 5.0
2022-02-11 20:43:05,079 INFO o.a.j.s.SaveService: Loading file: C:\Users\Josias\OneDrive\Documentos\JMeter\FirstCase.jmx
2022-02-11 20:43:05,110 INFO o.a.j.p.h.s.HTTPSamplerBase: Parser for text/html is org.apache.jmeter.protocol.http.parser.LagartoBasedHtmlParser
2022-02-11 20:43:05,111 INFO o.a.j.p.h.s.HTTPSamplerBase: Parser for application/xhtml+xml is org.apache.jmeter.protocol.http.parser.LagartoBasedHtmlParser
2022-02-11 20:43:05,111 INFO o.a.j.p.h.s.HTTPSamplerBase: Parser for application/xml is org.apache.jmeter.protocol.http.parser.LagartoBasedHtmlParser
2022-02-11 20:43:05,111 INFO o.a.j.p.h.s.HTTPSamplerBase: Parser for text/xml is org.apache.jmeter.protocol.http.parser.LagartoBasedHtmlParser
2022-02-11 20:43:05,111 INFO o.a.j.p.h.s.HTTPSamplerBase: Parser for text/vnd.wap.wml is org.apache.jmeter.protocol.http.parser.RegexpHTMLParser
2022-02-11 20:43:05,111 INFO o.a.j.p.h.s.HTTPSamplerBase: Parser for text/css is org.apache.jmeter.protocol.http.parser.CssParser
2022-02-11 20:43:05,306 INFO o.a.j.s.SampleResult: Note: Sample TimeStamps are START times
2022-02-11 20:43:05,306 INFO o.a.j.s.SampleResult: sampleresult.default.encoding is set to ISO-8859-1
2022-02-11 20:43:05,307 INFO o.a.j.s.SampleResult: sampleresult.useNanoTime=true
2022-02-11 20:43:05,307 INFO o.a.j.s.SampleResult: sampleresult.nanoThreadSleep=5000
2022-02-11 20:43:05,637 INFO o.a.j.s.FileServer: Set new base='C:\Users\Josias\OneDrive\Documentos\JMeter'
2022-02-11 20:43:58,263 INFO o.a.j.g.a.Load: Loading file: C:\Users\Josias\OneDrive\Documentos\JMeter\Gravado_Do_Postman_ServeRest.jmx
2022-02-11 20:43:58,263 INFO o.a.j.s.FileServer: Set new base='C:\Users\Josias\OneDrive\Documentos\JMeter'
2022-02-11 20:43:58,263 INFO o.a.j.s.SaveService: Loading file: C:\Users\Josias\OneDrive\Documentos\JMeter\Gravado_Do_Postman_ServeRest.jmx
2022-02-11 20:43:58,274 INFO o.a.j.e.KeyToolUtils: Exception checking for keytool existence, will return false, try another way.
2022-02-11 20:43:58,539 INFO o.a.j.e.KeyToolUtils: keytool found at 'C:\Program Files\Java\jre1.8.0_321\bin\keytool'
2022-02-11 20:43:58,540 INFO o.a.j.p.h.p.ProxyControl: HTTP(S) Test Script Recorder SSL Proxy will use keys that support embedded 3rd party resources in file C:\Users\Josias\OneDrive\Documentos\JMeter\apache-jmeter-5.4.3\bin\proxyserver.jks
2022-02-11 20:43:58,720 INFO o.a.j.s.FileServer: Set new base='C:\Users\Josias\OneDrive\Documentos\JMeter'
2022-02-11 20:44:38,966 INFO o.a.j.g.a.Load: Loading file: C:\Users\Josias\OneDrive\Documentos\JMeter\DataDriven_ServeRest.jmx
2022-02-11 20:44:38,966 INFO o.a.j.s.FileServer: Set new base='C:\Users\Josias\OneDrive\Documentos\JMeter'
2022-02-11 20:44:38,966 INFO o.a.j.s.SaveService: Loading file: C:\Users\Josias\OneDrive\Documentos\JMeter\DataDriven_ServeRest.jmx
2022-02-11 20:44:39,122 INFO o.a.j.s.FileServer: Set new base='C:\Users\Josias\OneDrive\Documentos\JMeter'
2022-02-11 20:48:12,602 INFO o.a.j.e.StandardJMeterEngine: Running the test!
2022-02-11 20:48:12,603 INFO o.a.j.s.SampleEvent: List of sample_variables: []
2022-02-11 20:48:12,603 INFO o.a.j.s.SampleEvent: List of sample_variables: []
2022-02-11 20:48:12,605 INFO o.a.j.e.u.CompoundVariable: Note: Function class names must contain the string: '.functions.'
2022-02-11 20:48:12,606 INFO o.a.j.e.u.CompoundVariable: Note: Function class names must not contain the string: '.gui.'
2022-02-11 20:48:12,891 INFO o.a.j.g.u.JMeterMenuBar: setRunning(true, *local*)
2022-02-11 20:48:12,948 INFO o.a.j.e.StandardJMeterEngine: Starting ThreadGroup: 1 : Postman
2022-02-11 20:48:12,948 INFO o.a.j.e.StandardJMeterEngine: Starting 1 threads for group Postman.
2022-02-11 20:48:12,948 INFO o.a.j.e.StandardJMeterEngine: Thread will continue on error
2022-02-11 20:48:12,948 INFO o.a.j.t.ThreadGroup: Starting thread group... number=1 threads=1 ramp-up=1 delayedStart=false
2022-02-11 20:48:12,953 INFO o.a.j.t.ThreadGroup: Started thread group number 1
2022-02-11 20:48:12,953 INFO o.a.j.e.StandardJMeterEngine: All thread groups have been started
2022-02-11 20:48:12,962 INFO o.a.j.t.JMeterThread: Thread started: Postman 1-1
2022-02-11 20:48:12,964 INFO o.a.j.s.FileServer: Stored: C:/Users/Josias/OneDrive/Documentos/JMeter/Usuarios.csv
2022-02-11 20:48:12,985 INFO o.a.j.p.h.s.HTTPHCAbstractImpl: Local host = DESKTOP-TJSLQF4
2022-02-11 20:48:12,995 INFO o.a.j.p.h.s.HTTPHC4Impl: HTTP request retry count = 0
2022-02-11 20:48:13,116 INFO o.a.j.p.h.s.h.LazyLayeredConnectionSocketFactory: Setting up HTTPS TrustAll Socket Factory
2022-02-11 20:48:13,120 INFO o.a.j.u.JsseSSLManager: Using default SSL protocol: TLS
2022-02-11 20:48:13,120 INFO o.a.j.u.JsseSSLManager: SSL session context: per-thread
2022-02-11 20:48:13,597 INFO o.a.j.u.SSLManager: JmeterKeyStore Location:  type JKS
2022-02-11 20:48:13,599 INFO o.a.j.u.SSLManager: KeyStore created OK
2022-02-11 20:48:13,599 WARN o.a.j.u.SSLManager: Keystore file not found, loading empty keystore
2022-02-11 20:48:14,904 INFO o.a.j.t.JMeterThread: Thread is done: Postman 1-1
2022-02-11 20:48:14,904 INFO o.a.j.t.JMeterThread: Thread finished: Postman 1-1
2022-02-11 20:48:14,907 INFO o.a.j.e.StandardJMeterEngine: Notifying test listeners of end of test
2022-02-11 20:48:14,907 INFO o.a.j.s.FileServer: Close: C:/Users/Josias/OneDrive/Documentos/JMeter/Usuarios.csv
2022-02-11 20:48:14,909 INFO o.a.j.g.u.JMeterMenuBar: setRunning(false, *local*)
2022-02-11 20:49:57,426 INFO o.a.j.e.StandardJMeterEngine: Running the test!
2022-02-11 20:49:57,427 INFO o.a.j.s.SampleEvent: List of sample_variables: []
2022-02-11 20:49:57,428 INFO o.a.j.g.u.JMeterMenuBar: setRunning(true, *local*)
2022-02-11 20:49:57,549 INFO o.a.j.e.StandardJMeterEngine: Starting ThreadGroup: 1 : Postman
2022-02-11 20:49:57,549 INFO o.a.j.e.StandardJMeterEngine: Starting 1 threads for group Postman.
2022-02-11 20:49:57,549 INFO o.a.j.e.StandardJMeterEngine: Thread will continue on error
2022-02-11 20:49:57,550 INFO o.a.j.t.ThreadGroup: Starting thread group... number=1 threads=1 ramp-up=1 delayedStart=false
2022-02-11 20:49:57,551 INFO o.a.j.t.ThreadGroup: Started thread group number 1
2022-02-11 20:49:57,551 INFO o.a.j.e.StandardJMeterEngine: All thread groups have been started
2022-02-11 20:49:57,551 INFO o.a.j.t.JMeterThread: Thread started: Postman 1-1
2022-02-11 20:49:57,552 INFO o.a.j.s.FileServer: Stored: C:/Users/Josias/OneDrive/Documentos/JMeter/Usuarios.csv
2022-02-11 20:50:00,824 INFO o.a.j.t.JMeterThread: Thread is done: Postman 1-1
2022-02-11 20:50:00,824 INFO o.a.j.t.JMeterThread: Thread finished: Postman 1-1
2022-02-11 20:50:00,825 INFO o.a.j.e.StandardJMeterEngine: Notifying test listeners of end of test
2022-02-11 20:50:00,825 INFO o.a.j.s.FileServer: Close: C:/Users/Josias/OneDrive/Documentos/JMeter/Usuarios.csv
2022-02-11 20:50:00,825 INFO o.a.j.g.u.JMeterMenuBar: setRunning(false, *local*)
